<?xml version="1.0" encoding="UTF-8"?>
<testng-results skipped="0" failed="0" total="3" passed="3">
  <reporter-output>
  </reporter-output>
  <suite name="Suite" duration-ms="24210" started-at="2022-04-19T18:34:52Z" finished-at="2022-04-19T18:35:16Z">
    <groups>
    </groups>
    <test name="CHROME" duration-ms="13211" started-at="2022-04-19T18:34:52Z" finished-at="2022-04-19T18:35:05Z">
      <class name="qa.CrossBrowserTesting.CrossBrowserDemo">
        <test-method status="PASS" signature="launchBrowser(java.lang.String)[pri:0, instance:qa.CrossBrowserTesting.CrossBrowserDemo@380fb434]" name="launchBrowser" is-config="true" duration-ms="8997" started-at="2022-04-20T00:04:52Z" finished-at="2022-04-20T00:05:01Z">
          <params>
            <param index="0">
              <value>
                <![CDATA[chrome]]>
              </value>
            </param>
          </params>
          <reporter-output>
          </reporter-output>
        </test-method> <!-- launchBrowser -->
        <test-method status="PASS" signature="verifypageTitle()[pri:0, instance:qa.CrossBrowserTesting.CrossBrowserDemo@380fb434]" name="verifypageTitle" duration-ms="15" started-at="2022-04-20T00:05:01Z" finished-at="2022-04-20T00:05:01Z">
          <reporter-output>
          </reporter-output>
        </test-method> <!-- verifypageTitle -->
        <test-method status="PASS" signature="tearDown()[pri:0, instance:qa.CrossBrowserTesting.CrossBrowserDemo@380fb434]" name="tearDown" is-config="true" duration-ms="4184" started-at="2022-04-20T00:05:01Z" finished-at="2022-04-20T00:05:05Z">
          <reporter-output>
          </reporter-output>
        </test-method> <!-- tearDown -->
      </class> <!-- qa.CrossBrowserTesting.CrossBrowserDemo -->
    </test> <!-- CHROME -->
    <test name="MSEDGE" duration-ms="15259" started-at="2022-04-19T18:34:52Z" finished-at="2022-04-19T18:35:07Z">
      <class name="qa.CrossBrowserTesting.CrossBrowserDemo">
        <test-method status="PASS" signature="launchBrowser(java.lang.String)[pri:0, instance:qa.CrossBrowserTesting.CrossBrowserDemo@6fadae5d]" name="launchBrowser" is-config="true" duration-ms="12361" started-at="2022-04-20T00:04:52Z" finished-at="2022-04-20T00:05:04Z">
          <params>
            <param index="0">
              <value>
                <![CDATA[msedge]]>
              </value>
            </param>
          </params>
          <reporter-output>
          </reporter-output>
        </test-method> <!-- launchBrowser -->
        <test-method status="PASS" signature="verifypageTitle()[pri:0, instance:qa.CrossBrowserTesting.CrossBrowserDemo@6fadae5d]" name="verifypageTitle" duration-ms="2" started-at="2022-04-20T00:05:04Z" finished-at="2022-04-20T00:05:04Z">
          <reporter-output>
          </reporter-output>
        </test-method> <!-- verifypageTitle -->
        <test-method status="PASS" signature="tearDown()[pri:0, instance:qa.CrossBrowserTesting.CrossBrowserDemo@6fadae5d]" name="tearDown" is-config="true" duration-ms="2883" started-at="2022-04-20T00:05:04Z" finished-at="2022-04-20T00:05:07Z">
          <reporter-output>
          </reporter-output>
        </test-method> <!-- tearDown -->
      </class> <!-- qa.CrossBrowserTesting.CrossBrowserDemo -->
    </test> <!-- MSEDGE -->
    <test name="FIREFOX" duration-ms="24210" started-at="2022-04-19T18:34:52Z" finished-at="2022-04-19T18:35:16Z">
      <class name="qa.CrossBrowserTesting.CrossBrowserDemo">
        <test-method status="PASS" signature="launchBrowser(java.lang.String)[pri:0, instance:qa.CrossBrowserTesting.CrossBrowserDemo@79698539]" name="launchBrowser" is-config="true" duration-ms="21151" started-at="2022-04-20T00:04:52Z" finished-at="2022-04-20T00:05:13Z">
          <params>
            <param index="0">
              <value>
                <![CDATA[firefox]]>
              </value>
            </param>
          </params>
          <reporter-output>
          </reporter-output>
        </test-method> <!-- launchBrowser -->
        <test-method status="PASS" signature="verifypageTitle()[pri:0, instance:qa.CrossBrowserTesting.CrossBrowserDemo@79698539]" name="verifypageTitle" duration-ms="5" started-at="2022-04-20T00:05:13Z" finished-at="2022-04-20T00:05:13Z">
          <reporter-output>
          </reporter-output>
        </test-method> <!-- verifypageTitle -->
        <test-method status="PASS" signature="tearDown()[pri:0, instance:qa.CrossBrowserTesting.CrossBrowserDemo@79698539]" name="tearDown" is-config="true" duration-ms="3040" started-at="2022-04-20T00:05:13Z" finished-at="2022-04-20T00:05:16Z">
          <reporter-output>
          </reporter-output>
        </test-method> <!-- tearDown -->
      </class> <!-- qa.CrossBrowserTesting.CrossBrowserDemo -->
    </test> <!-- FIREFOX -->
  </suite> <!-- Suite -->
</testng-results>
